                              1 ;--------------------------------------------------------
                              2 ; File Created by SDCC : free open source ANSI-C Compiler
                              3 ; Version 3.5.2 #9293 (MINGW64)
                              4 ; This file was generated Sun Aug 23 19:25:36 2015
                              5 ;--------------------------------------------------------
                              6 	.module code
                              7 	.optsdcc -mz80
                              8 	
                              9 ;--------------------------------------------------------
                             10 ; Public variables in this module
                             11 ;--------------------------------------------------------
                             12 	.globl _main
                             13 	.globl _Dummy
                             14 	.globl _cpc_UnExo
                             15 	.globl _cpc_SetModo
                             16 ;--------------------------------------------------------
                             17 ; special function registers
                             18 ;--------------------------------------------------------
                             19 ;--------------------------------------------------------
                             20 ; ram data
                             21 ;--------------------------------------------------------
                             22 	.area _DATA
                             23 ;--------------------------------------------------------
                             24 ; ram data
                             25 ;--------------------------------------------------------
                             26 	.area _INITIALIZED
                             27 ;--------------------------------------------------------
                             28 ; absolute external ram data
                             29 ;--------------------------------------------------------
                             30 	.area _DABS (ABS)
                             31 ;--------------------------------------------------------
                             32 ; global & static initialisations
                             33 ;--------------------------------------------------------
                             34 	.area _HOME
                             35 	.area _GSINIT
                             36 	.area _GSFINAL
                             37 	.area _GSINIT
                             38 ;--------------------------------------------------------
                             39 ; Home
                             40 ;--------------------------------------------------------
                             41 	.area _HOME
                             42 	.area _HOME
                             43 ;--------------------------------------------------------
                             44 ; code
                             45 ;--------------------------------------------------------
                             46 	.area _CODE
                             47 ;data_exo.h:4: void Dummy()
                             48 ;	---------------------------------
                             49 ; Function Dummy
                             50 ; ---------------------------------
   0000                      51 _Dummy::
                             52 ;data_exo.h:95: __endasm;
   0000                      53 	_image:
   0000 04 54 46 08 63 00    54 	.db #0x04, #0x54, #0x46, #0x08, #0x63, #0x00, #0x00, #0x00, #0x03, #0x55, #0x24, #0x79, #0x85, #0xA1, #0x0B, #0xCD
        00 00 03 55 24 79
        85 A1 0B CD
   0010 00 00 00 00 00 00    55 	.db #0x00, #0x00, #0x00, #0x00, #0x00, #0x00, #0x00, #0x00, #0x02, #0x23, #0x00, #0xD5, #0x70, #0xE0, #0x06, #0xC2
        00 00 02 23 00 D5
        70 E0 06 C2
   0020 F0 82 52 7E 70 F0    56 	.db #0xF0, #0x82, #0x52, #0x7E, #0x70, #0xF0, #0x44, #0x22, #0xE0, #0x02, #0x60, #0xD5, #0x91, #0x68, #0x30, #0xF0
        44 22 E0 02 60 D5
        91 68 30 F0
   0030 78 8D C0 22 28 62    57 	.db #0x78, #0x8D, #0xC0, #0x22, #0x28, #0x62, #0xA4, #0x7C, #0xAC, #0xB2, #0xC9, #0x80, #0x24, #0xA4, #0x78, #0x9E
        A4 7C AC B2 C9 80
        24 A4 78 9E
   0040 44 92 8D 25 10 62    58 	.db #0x44, #0x92, #0x8D, #0x25, #0x10, #0x62, #0x2B, #0x83, #0xB5, #0x2A, #0x10, #0xC4, #0xC0, #0x92, #0xC1, #0x43
        2B 83 B5 2A 10 C4
        C0 92 C1 43
   0050 A9 47 15 14 3F 16    59 	.db #0xA9, #0x47, #0x15, #0x14, #0x3F, #0x16, #0x28, #0x8F, #0x1A, #0x12, #0x15, #0x3A, #0xCB, #0x10, #0x9D, #0x55
        28 8F 1A 12 15 3A
        CB 10 9D 55
   0060 26 B4 55 A2 8E D4    60 	.db #0x26, #0xB4, #0x55, #0xA2, #0x8E, #0xD4, #0x8B, #0xA1, #0x80, #0x24, #0x2D, #0xE9, #0x47, #0x56, #0xAC, #0x48
        8B A1 80 24 2D E9
        47 56 AC 48
   0070 80 51 49 0A 0C 44    61 	.db #0x80, #0x51, #0x49, #0x0A, #0x0C, #0x44, #0x7E, #0x35, #0x68, #0x48, #0x5D, #0x49, #0x0C, #0x34, #0xC9, #0x70
        7E 35 68 48 5D 49
        0C 34 C9 70
   0080 41 C5 92 32 69 18    62 	.db #0x41, #0xC5, #0x92, #0x32, #0x69, #0x18, #0x38, #0x48, #0xC2, #0x92, #0x4A, #0x30, #0x1F, #0x0F, #0x80, #0xE5
        38 48 C2 92 4A 30
        1F 0F 80 E5
   0090 48 AB A9 16 41 AB    63 	.db #0x48, #0xAB, #0xA9, #0x16, #0x41, #0xAB, #0xDE, #0x45, #0xED, #0x08, #0x03, #0xBE, #0x11, #0x70, #0x4B, #0xAE
        DE 45 ED 08 03 BE
        11 70 4B AE
   00A0 0B C3 F8 C0 B4 52    64 	.db #0x0B, #0xC3, #0xF8, #0xC0, #0xB4, #0x52, #0x2F, #0x8B, #0xBB, #0xA1, #0x82, #0x90, #0xD8, #0x7C, #0x26, #0x10
        2F 8B BB A1 82 90
        D8 7C 26 10
   00B0 51 2C B2 55 FD 44    65 	.db #0x51, #0x2C, #0xB2, #0x55, #0xFD, #0x44, #0xCA, #0x45, #0x61, #0x71, #0x0B, #0x12, #0xD1, #0xE9, #0x14, #0x09
        CA 45 61 71 0B 12
        D1 E9 14 09
   00C0 A8 CF B0 29 16 38    66 	.db #0xA8, #0xCF, #0xB0, #0x29, #0x16, #0x38, #0x99, #0x5C, #0x42, #0xCF, #0xFB, #0x2D, #0x14, #0x64, #0xCA, #0xAA
        99 5C 42 CF FB 2D
        14 64 CA AA
   00D0 95 67 48 4E 06 C8    67 	.db #0x95, #0x67, #0x48, #0x4E, #0x06, #0xC8, #0x92, #0x4B, #0x51, #0x08, #0xB0, #0x8D, #0x4A, #0xC0, #0x58, #0x80
        92 4B 51 08 B0 8D
        4A C0 58 80
   00E0 4C 25 90 28 C2 5C    68 	.db #0x4C, #0x25, #0x90, #0x28, #0xC2, #0x5C, #0x9B, #0x03, #0x95, #0xC0, #0x69, #0x2D, #0x16, #0x6C, #0x24, #0xD4
        9B 03 95 C0 69 2D
        16 6C 24 D4
   00F0 8E 01 E7 40 95 8D    69 	.db #0x8E, #0x01, #0xE7, #0x40, #0x95, #0x8D, #0x72, #0xE4, #0x04, #0x93, #0xE0, #0x52, #0x2E, #0x51, #0x28, #0x38
        72 E4 04 93 E0 52
        2E 51 28 38
   0100 B4 91 60 2B 80 DD    70 	.db #0xB4, #0x91, #0x60, #0x2B, #0x80, #0xDD, #0x87, #0x63, #0x10, #0xF0, #0x50, #0x1D, #0x1F, #0x21, #0x80, #0xD7
        87 63 10 F0 50 1D
        1F 21 80 D7
   0110 EA 87 68 BD 3E CE    71 	.db #0xEA, #0x87, #0x68, #0xBD, #0x3E, #0xCE, #0xC2, #0x47, #0x0F, #0x3A, #0xD0, #0xD7, #0xCD, #0xF6, #0x1C, #0xBD
        C2 47 0F 3A D0 D7
        CD F6 1C BD
   0120 21 D1 36 46 48 B9    72 	.db #0x21, #0xD1, #0x36, #0x46, #0x48, #0xB9, #0x38, #0xBC, #0xAF, #0x31, #0xFB, #0xF5, #0xE5, #0x9B, #0x32, #0x9F
        38 BC AF 31 FB F5
        E5 9B 32 9F
   0130 E1 F1 23 3C EC FE    73 	.db #0xE1, #0xF1, #0x23, #0x3C, #0xEC, #0xFE, #0x10, #0x20, #0x71, #0xC3, #0x18, #0xBB, #0xA3, #0xA5, #0x4A, #0x42
        10 20 71 C3 18 BB
        A3 A5 4A 42
   0140 E9 F2 58 B9 C9 18    74 	.db #0xE9, #0xF2, #0x58, #0xB9, #0xC9, #0x18, #0x70, #0xE0, #0xAD, #0xC8, #0x60, #0xBE, #0x41, #0x70, #0xDC, #0x78
        70 E0 AD C8 60 BE
        41 70 DC 78
   0150 5B 09 0C 72 14 C9    75 	.db #0x5B, #0x09, #0x0C, #0x72, #0x14, #0xC9, #0xC0, #0x69, #0x51, #0x7C, #0x26, #0x52, #0x8F, #0xD0, #0x70, #0xCB
        C0 69 51 7C 26 52
        8F D0 70 CB
   0160 EC E5 30 D7 0B B0    76 	.db #0xEC, #0xE5, #0x30, #0xD7, #0x0B, #0xB0, #0x08, #0xE0, #0x73, #0x1C, #0x08, #0x31, #0x10, #0x19, #0xC4, #0x28
        08 E0 73 1C 08 31
        10 19 C4 28
   0170 88 EB 15 2F 85 80    77 	.db #0x88, #0xEB, #0x15, #0x2F, #0x85, #0x80, #0x39, #0x85, #0x5B, #0x62, #0xE0, #0x07, #0x64, #0x10, #0x45, #0x4E
        39 85 5B 62 E0 07
        64 10 45 4E
   0180 F9 28 46 54 C9 68    78 	.db #0xF9, #0x28, #0x46, #0x54, #0xC9, #0x68, #0xBD, #0x5B, #0x32, #0xC0, #0xCE, #0xE8, #0x13, #0x53, #0x46, #0x49
        BD 5B 32 C0 CE E8
        13 53 46 49
   0190 EA 65 88 27 B1 93    79 	.db #0xEA, #0x65, #0x88, #0x27, #0xB1, #0x93, #0x11, #0x57, #0xE0, #0x24, #0x7E, #0x3F, #0x82, #0x67, #0xBB, #0x17
        11 57 E0 24 7E 3F
        82 67 BB 17
   01A0 3D AC 63 0A 57 64    80 	.db #0x3D, #0xAC, #0x63, #0x0A, #0x57, #0x64, #0x57, #0x22, #0xE0, #0x4C, #0x44, #0x78, #0x2F, #0xC4, #0x47, #0xC6
        57 22 E0 4C 44 78
        2F C4 47 C6
   01B0 31 0A E3 C5 D5 9B    81 	.db #0x31, #0x0A, #0xE3, #0xC5, #0xD5, #0x9B, #0xE0, #0xC8, #0xB0, #0xBF, #0x0C, #0x29, #0xCD, #0xE0, #0xEB, #0x7F
        E0 C8 B0 BF 0C 29
        CD E0 EB 7F
   01C0 42 E3 80 B8 03 76    82 	.db #0x42, #0xE3, #0x80, #0xB8, #0x03, #0x76, #0x29, #0x70, #0x1B, #0x5D, #0x07, #0x27, #0xD0, #0xE5, #0x76, #0x86
        29 70 1B 5D 07 27
        D0 E5 76 86
   01D0 EE 1F C1 AA 41 F0    83 	.db #0xEE, #0x1F, #0xC1, #0xAA, #0x41, #0xF0, #0x15, #0x52, #0xF3, #0x30, #0x11, #0x14, #0x63, #0x30, #0x76, #0x72
        15 52 F3 30 11 14
        63 30 76 72
   01E0 78 BE F8 2F 92 10    84 	.db #0x78, #0xBE, #0xF8, #0x2F, #0x92, #0x10, #0x28, #0x88, #0xB2, #0x80, #0x15, #0xC8, #0x30, #0x97, #0x26, #0x70
        28 88 B2 80 15 C8
        30 97 26 70
   01F0 24 D0 80 8E 15 8F    85 	.db #0x24, #0xD0, #0x80, #0x8E, #0x15, #0x8F, #0x52, #0xA3, #0x8C, #0xD7, #0x86, #0xC0, #0xF3, #0x0A, #0x6F, #0x02
        52 A3 8C D7 86 C0
        F3 0A 6F 02
   0200 24 D1 CA 28 49 90    86 	.db #0x24, #0xD1, #0xCA, #0x28, #0x49, #0x90, #0x2A, #0x18, #0xC6, #0x47, #0xD8, #0xA9, #0xBC, #0x5C, #0x1B, #0xC7
        2A 18 C6 47 D8 A9
        BC 5C 1B C7
   0210 A7 74 54 CB C0 3F    87 	.db #0xA7, #0x74, #0x54, #0xCB, #0xC0, #0x3F, #0x78, #0x75, #0x5D, #0x90, #0xEF, #0x08, #0xAE, #0x8B, #0x94, #0x87
        78 75 5D 90 EF 08
        AE 8B 94 87
   0220 50 BB 10 3E E1 23    88 	.db #0x50, #0xBB, #0x10, #0x3E, #0xE1, #0x23, #0xF0, #0x24, #0x00, #0x8F, #0x87, #0x5D, #0xD6, #0x44, #0x49, #0x83
        F0 24 00 8F 87 5D
        D6 44 49 83
   0230 94 30 A3 FD 0A C7    89 	.db #0x94, #0x30, #0xA3, #0xFD, #0x0A, #0xC7, #0xB1, #0x3D, #0x66, #0xA3, #0x7C, #0x34, #0x76, #0x11, #0xE3, #0xC2
        B1 3D 66 A3 7C 34
        76 11 E3 C2
   0240 B8 D0 D7 0D EB B9    90 	.db #0xB8, #0xD0, #0xD7, #0x0D, #0xEB, #0xB9, #0x39, #0x8F, #0x4C, #0xE1, #0x50, #0x7A, #0x30, #0xC8, #0xE0, #0x83
        39 8F 4C E1 50 7A
        30 C8 E0 83
   0250 2B C0 11 1D 70 33    91 	.db #0x2B, #0xC0, #0x11, #0x1D, #0x70, #0x33, #0x91, #0x90, #0x0D, #0x5B, #0xA6, #0x4F, #0xA5, #0xF6, #0x05, #0x4B
        91 90 0D 5B A6 4F
        A5 F6 05 4B
   0260 90 6B B7 30 E7 D2    92 	.db #0x90, #0x6B, #0xB7, #0x30, #0xE7, #0xD2, #0xDA, #0x4F, #0x80, #0xBF, #0x74, #0x0F, #0xEF, #0xFC, #0x1C, #0xEF
        DA 4F 80 BF 74 0F
        EF FC 1C EF
   0270 D2 87 10 EC 7D CE    93 	.db #0xD2, #0x87, #0x10, #0xEC, #0x7D, #0xCE, #0xAD, #0x02, #0xB8, #0x17, #0xBE, #0x01, #0x06, #0x1A, #0xC3, #0xFB
        AD 02 B8 17 BE 01
        06 1A C3 FB
   0280 D8 47 9B 43 CE C5    94 	.db #0xD8, #0x47, #0x9B, #0x43, #0xCE, #0xC5, #0x90, #0x2D, #0x92, #0x30, #0x25, #0xA0, #0x29, #0x61, #0x9E, #0x31
        90 2D 92 30 25 A0
        29 61 9E 31
   0290 27 41 7C 2C E0 83    95 	.db #0x27, #0x41, #0x7C, #0x2C, #0xE0, #0x83, #0x3C, #0x68, #0xEB, #0xC7, #0x30, #0xD5, #0xD9, #0x14, #0x6F, #0xCB
        3C 68 EB C7 30 D5
        D9 14 6F CB
   02A0 15 83 53 99 80 1F    96 	.db #0x15, #0x83, #0x53, #0x99, #0x80, #0x1F, #0x64, #0x30, #0xFE, #0xFF, #0xF5, #0xCB, #0xE3, #0xF0, #0x57, #0x04
        64 30 FE FF F5 CB
        E3 F0 57 04
   02B0 D4 B0 03 F9 10 18    97 	.db #0xD4, #0xB0, #0x03, #0xF9, #0x10, #0x18, #0xB4, #0x23, #0x28, #0x07, #0xF4, #0x27, #0xC8, #0x10, #0xA4, #0x01
        B4 23 28 07 F4 27
        C8 10 A4 01
   02C0 81 03 FA E8 41 DC    98 	.db #0x81, #0x03, #0xFA, #0xE8, #0x41, #0xDC, #0x8C, #0xE0, #0x69, #0x6F, #0x43, #0xA4, #0xA5, #0x4A, #0x3E, #0xA8
        8C E0 69 6F 43 A4
        A5 4A 3E A8
   02D0 C6 EC 82 BB C4 0F    99 	.db #0xC6, #0xEC, #0x82, #0xBB, #0xC4, #0x0F, #0xE0, #0x86, #0xB6, #0x23, #0x4B, #0x8E, #0xCC, #0x90, #0x15, #0x2D
        E0 86 B6 23 4B 8E
        CC 90 15 2D
   02E0 85 A8 1E AC E0 67   100 	.db #0x85, #0xA8, #0x1E, #0xAC, #0xE0, #0x67, #0x7D, #0x78, #0xC7, #0x26, #0xE0, #0x32, #0xC0, #0x22, #0xC8, #0xC0
        7D 78 C7 26 E0 32
        C0 22 C8 C0
   02F0 83 22 C0 1D 13 E2   101 	.db #0x83, #0x22, #0xC0, #0x1D, #0x13, #0xE2, #0xEC, #0x37, #0xCF, #0xF0, #0x50, #0xBC, #0xEC, #0xC7, #0x61, #0xC0
        EC 37 CF F0 50 BC
        EC C7 61 C0
   0300 97 75 61 7A 57 89   102 	.db #0x97, #0x75, #0x61, #0x7A, #0x57, #0x89, #0xC7, #0x6B, #0x66, #0xE2, #0x14, #0x99, #0x5C, #0x0B, #0xF7, #0x41
        C7 6B 66 E2 14 99
        5C 0B F7 41
   0310 93 CF C3 97 3E 7F   103 	.db #0x93, #0xCF, #0xC3, #0x97, #0x3E, #0x7F, #0x0C, #0x38, #0x30, #0xFA, #0x50, #0xC0, #0x67, #0x03, #0xC8, #0x07
        0C 38 30 FA 50 C0
        67 03 C8 07
   0320 F0 9B E2 43 5C F5   104 	.db #0xF0, #0x9B, #0xE2, #0x43, #0x5C, #0xF5, #0xE1, #0x5C, #0x3F, #0x4C, #0x15, #0x70, #0x64, #0x11, #0xE2, #0xC0
        E1 5C 3F 4C 15 70
        64 11 E2 C0
   0330 D6 1D EF 71 0B 63   105 	.db #0xD6, #0x1D, #0xEF, #0x71, #0x0B, #0x63, #0xA2, #0xCF, #0x9A, #0x2A, #0x46, #0x24, #0x30, #0x7F, #0xCF, #0x5E
        A2 CF 9A 2A 46 24
        30 7F CF 5E
   0340 5F 41 9C 10 BE C8   106 	.db #0x5F, #0x41, #0x9C, #0x10, #0xBE, #0xC8, #0x33, #0x18, #0xB0, #0xFB, #0x16, #0x43, #0x18, #0x5D, #0xA3, #0x16
        33 18 B0 FB 16 43
        18 5D A3 16
   0350 89 00 E6 1A F0 1C   107 	.db #0x89, #0x00, #0xE6, #0x1A, #0xF0, #0x1C, #0x82, #0xF8, #0x1F, #0xE7, #0xAF, #0x59, #0x65, #0x40, #0x3B, #0x20
        82 F8 1F E7 AF 59
        65 40 3B 20
   0360 5A A4 81 75 76 90   108 	.db #0x5A, #0xA4, #0x81, #0x75, #0x76, #0x90, #0xE0, #0x5F, #0x22, #0x70, #0x4C, #0x29, #0x41, #0x51, #0x8D, #0xDB
        E0 5F 22 70 4C 29
        41 51 8D DB
   0370 04 AB 7F 33 8E 86   109 	.db #0x04, #0xAB, #0x7F, #0x33, #0x8E, #0x86, #0xD9, #0xE0, #0x2E, #0x40, #0x97, #0x80, #0xEF, #0xC0, #0x96, #0x70
        D9 E0 2E 40 97 80
        EF C0 96 70
   0380 D5 DD C0 0C 63 25   110 	.db #0xD5, #0xDD, #0xC0, #0x0C, #0x63, #0x25, #0xF0, #0xB5, #0x7A, #0xAE, #0x44, #0x79, #0xE0, #0x13, #0xD4, #0x20
        F0 B5 7A AE 44 79
        E0 13 D4 20
   0390 E0 6B 8F 4B B5 71   111 	.db #0xE0, #0x6B, #0x8F, #0x4B, #0xB5, #0x71, #0x27, #0x3A, #0xA8, #0xB2, #0xAF, #0x72, #0xEE, #0x62, #0x07, #0xEB
        27 3A A8 B2 AF 72
        EE 62 07 EB
   03A0 E4 18 00 CA AB 30   112 	.db #0xE4, #0x18, #0x00, #0xCA, #0xAB, #0x30, #0xFD, #0xCF, #0xA0, #0xE8, #0x14, #0xBA, #0x03, #0x35, #0xCC, #0x40
        FD CF A0 E8 14 BA
        03 35 CC 40
   03B0 E0 C5 87 DC 82 1B   113 	.db #0xE0, #0xC5, #0x87, #0xDC, #0x82, #0x1B, #0xC3, #0xED, #0xD4, #0x67, #0x87, #0xF9, #0x5F, #0xC5, #0x18, #0xB0
        C3 ED D4 67 87 F9
        5F C5 18 B0
   03C0 53 22 10 2C 3B DE   114 	.db #0x53, #0x22, #0x10, #0x2C, #0x3B, #0xDE, #0xE2, #0xD8, #0x47, #0x0C, #0xD0, #0xCE, #0x5B, #0x09, #0xD5, #0xBC
        E2 D8 47 0C D0 CE
        5B 09 D5 BC
   03D0 11 C5 CA E1 7F 3A   115 	.db #0x11, #0xC5, #0xCA, #0xE1, #0x7F, #0x3A, #0x90, #0x83, #0xBF, #0xFE, #0x70, #0xD8, #0x57, #0x0A, #0x29, #0x4A
        90 83 BF FE 70 D8
        57 0A 29 4A
   03E0 70 E8 66 0D 61 CD   116 	.db #0x70, #0xE8, #0x66, #0x0D, #0x61, #0xCD, #0x89, #0x24, #0xE2, #0x50, #0x37, #0x80, #0x04, #0x77, #0xD7, #0x9A
        89 24 E2 50 37 80
        04 77 D7 9A
   03F0 A4 88 5C 7B 3B 09   117 	.db #0xA4, #0x88, #0x5C, #0x7B, #0x3B, #0x09, #0x07, #0xD6, #0x4F, #0xE1, #0xAF, #0x25, #0x24, #0x30, #0xCF, #0x1B
        07 D6 4F E1 AF 25
        24 30 CF 1B
   0400 84 E0 BE 12 18 5A   118 	.db #0x84, #0xE0, #0xBE, #0x12, #0x18, #0x5A, #0x84, #0x45, #0xC5, #0x39, #0x80, #0x35, #0x88, #0x5C, #0x80, #0x4E
        84 45 C5 39 80 35
        88 5C 80 4E
   0410 00 A6 B0 F1 88 30   119 	.db #0x00, #0xA6, #0xB0, #0xF1, #0x88, #0x30, #0xF3, #0x31, #0xC0, #0x70, #0x1E, #0x18, #0x8F, #0x12, #0x6A, #0x45
        F3 31 C0 70 1E 18
        8F 12 6A 45
   0420 DA 70 89 A3 13 84   120 	.db #0xDA, #0x70, #0x89, #0xA3, #0x13, #0x84, #0x31, #0xA6, #0x16, #0xE7, #0xB6, #0x3B, #0xB3, #0x08, #0x2D, #0xBA
        31 A6 16 E7 B6 3B
        B3 08 2D BA
   0430 B4 1F B8 7F 21 70   121 	.db #0xB4, #0x1F, #0xB8, #0x7F, #0x21, #0x70, #0xBB, #0x9F, #0x44, #0x16, #0x71, #0x51, #0xD3, #0xF8, #0x7C, #0x03
        BB 9F 44 16 71 51
        D3 F8 7C 03
   0440 A9 07 F0 BD 3A 40   122 	.db #0xA9, #0x07, #0xF0, #0xBD, #0x3A, #0x40, #0xDE, #0x05, #0x2B, #0xB2, #0x13, #0x64, #0xE0, #0xBF, #0xAD, #0x12
        DE 05 2B B2 13 64
        E0 BF AD 12
   0450 C0 0B E1 12 B8 73   123 	.db #0xC0, #0x0B, #0xE1, #0x12, #0xB8, #0x73, #0x1F, #0x1A, #0xC6, #0x4A, #0x77, #0xFF, #0x06, #0xBC, #0xF5, #0xE4
        1F 1A C6 4A 77 FF
        06 BC F5 E4
   0460 CE 06 F1 17 2F 30   124 	.db #0xCE, #0x06, #0xF1, #0x17, #0x2F, #0x30, #0x08, #0x61, #0x8E, #0x89, #0x35, #0xCC, #0x50, #0x66, #0x73, #0xD1
        08 61 8E 89 35 CC
        50 66 73 D1
   0470 7C C0 E3 0C 69 36   125 	.db #0x7C, #0xC0, #0xE3, #0x0C, #0x69, #0x36, #0x2E, #0xF1, #0x50, #0xBE, #0x00, #0x0E, #0x0D, #0x3A, #0x87, #0x26
        2E F1 50 BE 00 0E
        0D 3A 87 26
   0480 30 4B 12 70 FD 53   126 	.db #0x30, #0x4B, #0x12, #0x70, #0xFD, #0x53, #0x8D, #0x09, #0xF9, #0x26, #0x65, #0x70, #0xF7, #0xA0, #0x99, #0xAE
        8D 09 F9 26 65 70
        F7 A0 99 AE
   0490 F0 EF 5B FC C0 A4   127 	.db #0xF0, #0xEF, #0x5B, #0xFC, #0xC0, #0xA4, #0x5C, #0x8E, #0x32, #0x70, #0x6B, #0xDF, #0x5E, #0x56, #0x3F, #0x4B
        5C 8E 32 70 6B DF
        5E 56 3F 4B
   04A0 6F 9C 2D 30 19 64   128 	.db #0x6F, #0x9C, #0x2D, #0x30, #0x19, #0x64, #0x80, #0xC1, #0x00, #0x5B, #0x89, #0xB0, #0x2B, #0x88, #0x62, #0xAD
        80 C1 00 5B 89 B0
        2B 88 62 AD
   04B0 D8 E0 9F E1 DC 7B   129 	.db #0xD8, #0xE0, #0x9F, #0xE1, #0xDC, #0x7B, #0x10, #0xEE, #0x36, #0x63, #0xDF, #0xAF, #0xE0, #0x14, #0x78, #0xB0
        10 EE 36 63 DF AF
        E0 14 78 B0
   04C0 8B 7A 35 40 6E 83   130 	.db #0x8B, #0x7A, #0x35, #0x40, #0x6E, #0x83, #0x7B, #0x87, #0xDB, #0x24, #0x10, #0xFB, #0x15, #0x0F, #0xA4, #0x0D
        7B 87 DB 24 10 FB
        15 0F A4 0D
   04D0 43 9A A0 6E C2 9A   131 	.db #0x43, #0x9A, #0xA0, #0x6E, #0xC2, #0x9A, #0xCE, #0x81, #0xCF, #0xBD, #0x78, #0x39, #0x92, #0x10, #0xF0, #0x6C
        CE 81 CF BD 78 39
        92 10 F0 6C
   04E0 14 C4 5D 0C 68 3E   132 	.db #0x14, #0xC4, #0x5D, #0x0C, #0x68, #0x3E, #0x2D, #0x13, #0x6B, #0x06, #0xB0, #0xCC, #0x66, #0x93, #0x3D, #0x82
        2D 13 6B 06 B0 CC
        66 93 3D 82
   04F0 58 6F BE BE 30 6B   133 	.db #0x58, #0x6F, #0xBE, #0xBE, #0x30, #0x6B, #0xEE, #0xC6, #0xD8, #0x4F, #0x0B, #0xD2, #0x2A, #0x5F, #0x68, #0xD1
        EE C6 D8 4F 0B D2
        2A 5F 68 D1
   0500 CF C5 F3 03 9C 3F   134 	.db #0xCF, #0xC5, #0xF3, #0x03, #0x9C, #0x3F, #0xF1, #0xD5, #0x0B, #0x64, #0x80, #0x00, #0x70, #0xB3, #0xD2, #0x05
        F1 D5 0B 64 80 00
        70 B3 D2 05
   0510 CF CC 30 58 31 5E   135 	.db #0xCF, #0xCC, #0x30, #0x58, #0x31, #0x5E, #0xF0, #0x91, #0x68, #0xAC, #0x13, #0xAC, #0x50, #0xD9, #0xE0, #0x3D
        F0 91 68 AC 13 AC
        50 D9 E0 3D
   0520 85 A0 32 D0 5B CE   136 	.db #0x85, #0xA0, #0x32, #0xD0, #0x5B, #0xCE, #0x04, #0x6B, #0x22, #0x80, #0xBC, #0x6C, #0xDE, #0x44, #0xC0, #0x18
        04 6B 22 80 BC 6C
        DE 44 C0 18
   0530 83 FC 24 C8 84 D8   137 	.db #0x83, #0xFC, #0x24, #0xC8, #0x84, #0xD8, #0xC8, #0xD3, #0xEF, #0x5E, #0x5A, #0x30, #0x85, #0x18, #0x86, #0x7A
        C8 D3 EF 5E 5A 30
        85 18 86 7A
   0540 29 D1 81 AF 35 78   138 	.db #0x29, #0xD1, #0x81, #0xAF, #0x35, #0x78, #0x25, #0x5E, #0xB0, #0xEE, #0xB2, #0x50, #0xFE, #0x40, #0x70, #0x7E
        25 5E B0 EE B2 50
        FE 40 70 7E
   0550 F6 06 F5 6F 81 C0   139 	.db #0xF6, #0x06, #0xF5, #0x6F, #0x81, #0xC0, #0x00, #0x00, #0x10
        00 00 10
   0559 C9            [10]  140 	ret
                            141 ;code.c:11: main() {
                            142 ;	---------------------------------
                            143 ; Function main
                            144 ; ---------------------------------
   055A                     145 _main::
                            146 ;code.c:14: cpc_SetModo(1);
   055A 2E 01         [ 7]  147 	ld	l,#0x01
   055C CDr00r00      [17]  148 	call	_cpc_SetModo
                            149 ;code.c:15: cpc_UnExo(image,#0xc000);
   055F 21r00r00      [10]  150 	ld	hl,#_image
   0562 01 00 C0      [10]  151 	ld	bc,#0xC000
   0565 C5            [11]  152 	push	bc
   0566 E5            [11]  153 	push	hl
   0567 CDr00r00      [17]  154 	call	_cpc_UnExo
                            155 ;code.c:17: while(1);
   056A                     156 00102$:
   056A 18 FE         [12]  157 	jr	00102$
                            158 	.area _CODE
                            159 	.area _INITIALIZER
                            160 	.area _CABS (ABS)
