                              1 ;--------------------------------------------------------
                              2 ; File Created by SDCC : free open source ANSI-C Compiler
                              3 ; Version 3.5.2 #9293 (MINGW64)
                              4 ; This file was generated Tue Sep 15 21:43:33 2015
                              5 ;--------------------------------------------------------
                              6 	.module code
                              7 	.optsdcc -mz80
                              8 	
                              9 ;--------------------------------------------------------
                             10 ; Public variables in this module
                             11 ;--------------------------------------------------------
                             12 	.globl _main
                             13 	.globl _Dummy
                             14 	.globl _cpc_Uncrunch
                             15 	.globl _cpc_SetModo
                             16 ;--------------------------------------------------------
                             17 ; special function registers
                             18 ;--------------------------------------------------------
                             19 ;--------------------------------------------------------
                             20 ; ram data
                             21 ;--------------------------------------------------------
                             22 	.area _DATA
                             23 ;--------------------------------------------------------
                             24 ; ram data
                             25 ;--------------------------------------------------------
                             26 	.area _INITIALIZED
                             27 ;--------------------------------------------------------
                             28 ; absolute external ram data
                             29 ;--------------------------------------------------------
                             30 	.area _DABS (ABS)
                             31 ;--------------------------------------------------------
                             32 ; global & static initialisations
                             33 ;--------------------------------------------------------
                             34 	.area _HOME
                             35 	.area _GSINIT
                             36 	.area _GSFINAL
                             37 	.area _GSINIT
                             38 ;--------------------------------------------------------
                             39 ; Home
                             40 ;--------------------------------------------------------
                             41 	.area _HOME
                             42 	.area _HOME
                             43 ;--------------------------------------------------------
                             44 ; code
                             45 ;--------------------------------------------------------
                             46 	.area _CODE
                             47 ;data_pu.h:4: void Dummy()
                             48 ;	---------------------------------
                             49 ; Function Dummy
                             50 ; ---------------------------------
   0000                      51 _Dummy::
                             52 ;data_pu.h:110: __endasm;
   0000                      53 	_image:
   0000 21 3C 70 75 33 41    54 	.DB #0x21, #0x3C, #0x70, #0x75, #0x33, #0x41, #0x00, #0x58, #0x02, #0x00, #0x08, #0x80, #0x02, #0xFF, #0xFF, #0x02
        00 58 02 00 08 80
        02 FF FF 02
   0010 F0 00 40 09 C1 70    55 	.DB #0xF0, #0x00, #0x40, #0x09, #0xC1, #0x70, #0x3F, #0xC6, #0xC6, #0x79, #0x87, #0x3A, #0x70, #0x74, #0xB8, #0x3C
        3F C6 C6 79 87 3A
        70 74 B8 3C
   0020 23 AB E3 08 04 60    56 	.DB #0x23, #0xAB, #0xE3, #0x08, #0x04, #0x60, #0xCE, #0xE3, #0xC1, #0x60, #0x23, #0x06, #0x7C, #0xF1, #0x61, #0x47
        CE E3 C1 60 23 06
        7C F1 61 47
   0030 02 70 62 80 A3 03    57 	.DB #0x02, #0x70, #0x62, #0x80, #0xA3, #0x03, #0xB8, #0xE7, #0x3B, #0x68, #0xEC, #0x42, #0x0E, #0x16, #0x07, #0xCC
        B8 E7 3B 68 EC 42
        0E 16 07 CC
   0040 16 08 41 EC 55 64    58 	.DB #0x16, #0x08, #0x41, #0xEC, #0x55, #0x64, #0x60, #0xE4, #0xFC, #0x64, #0x5C, #0x6C, #0x72, #0xFC, #0xD0, #0xC0
        60 E4 FC 64 5C 6C
        72 FC D0 C0
   0050 F2 30 76 29 4C 17    59 	.DB #0xF2, #0x30, #0x76, #0x29, #0x4C, #0x17, #0x47, #0x0E, #0xC2, #0xEF, #0xCB, #0x16, #0x1C, #0x05, #0xB1, #0x98
        47 0E C2 EF CB 16
        1C 05 B1 98
   0060 7D 9E 39 2E A8 03    60 	.DB #0x7D, #0x9E, #0x39, #0x2E, #0xA8, #0x03, #0x23, #0xD9, #0x18, #0x3A, #0x3E, #0x9E, #0x4B, #0x83, #0xE3, #0x06
        23 D9 18 3A 3E 9E
        4B 83 E3 06
   0070 03 13 62 C1 00 3D    61 	.DB #0x03, #0x13, #0x62, #0xC1, #0x00, #0x3D, #0x96, #0x06, #0x82, #0x5A, #0xC0, #0xD8, #0xB4, #0xF8, #0xEB, #0x47
        96 06 82 5A C0 D8
        B4 F8 EB 47
   0080 40 43 62 C3 23 05    62 	.DB #0x40, #0x43, #0x62, #0xC3, #0x23, #0x05, #0x60, #0x7D, #0x95, #0x03, #0x05, #0x86, #0x8B, #0xF3, #0x3E, #0x9A
        60 7D 95 03 05 86
        8B F3 3E 9A
   0090 A9 F7 A6 07 FD 96    63 	.DB #0xA9, #0xF7, #0xA6, #0x07, #0xFD, #0x96, #0x44, #0xE1, #0xEE, #0x2D, #0x4F, #0x4F, #0x78, #0xDC, #0xCB, #0x64
        44 E1 EE 2D 4F 4F
        78 DC CB 64
   00A0 D9 3A CA 5D 50 1D    64 	.DB #0xD9, #0x3A, #0xCA, #0x5D, #0x50, #0x1D, #0xC6, #0xB7, #0x16, #0x9B, #0xB1, #0x95, #0xB5, #0xCE, #0xE3, #0x4D
        C6 B7 16 9B B1 95
        B5 CE E3 4D
   00B0 FE BC 6D B8 1A 3C    65 	.DB #0xFE, #0xBC, #0x6D, #0xB8, #0x1A, #0x3C, #0x68, #0x60, #0xA2, #0xC5, #0x58, #0x31, #0x40, #0x7A, #0xD5, #0x62
        68 60 A2 C5 58 31
        40 7A D5 62
   00C0 10 75 B4 4F B6 FF    66 	.DB #0x10, #0x75, #0xB4, #0x4F, #0xB6, #0xFF, #0x81, #0xC2, #0xE3, #0x40, #0x62, #0xA0, #0x74, #0x60, #0xCD, #0xC1
        81 C2 E3 40 62 A0
        74 60 CD C1
   00D0 FB C4 A4 51 86 DF    67 	.DB #0xFB, #0xC4, #0xA4, #0x51, #0x86, #0xDF, #0x76, #0xC4, #0x02, #0x90, #0xCC, #0x10, #0x0F, #0xBA, #0x30, #0xD6
        76 C4 02 90 CC 10
        0F BA 30 D6
   00E0 03 8C 0F 8E 27 9C    68 	.DB #0x03, #0x8C, #0x0F, #0x8E, #0x27, #0x9C, #0xB0, #0x7D, #0x9E, #0x38, #0xBA, #0xE0, #0x67, #0x27, #0x07, #0xA2
        B0 7D 9E 38 BA E0
        67 27 07 A2
   00F0 E0 D0 B0 D0 EF D8    69 	.DB #0xE0, #0xD0, #0xB0, #0xD0, #0xEF, #0xD8, #0xF8, #0xCB, #0x1E, #0xFD, #0x49, #0x08, #0xF9, #0x02, #0x51, #0x08
        F8 CB 1E FD 49 08
        F9 02 51 08
   0100 3F 8E F9 62 E9 40    70 	.DB #0x3F, #0x8E, #0xF9, #0x62, #0xE9, #0x40, #0x7D, #0xE4, #0x9B, #0xF7, #0xA0, #0x8B, #0xDC, #0x33, #0xFD, #0x43
        7D E4 9B F7 A0 8B
        DC 33 FD 43
   0110 10 8E 96 82 D7 59    71 	.DB #0x10, #0x8E, #0x96, #0x82, #0xD7, #0x59, #0xA8, #0x71, #0x5E, #0xA2, #0x15, #0xA2, #0xB5, #0xD2, #0x32, #0x48
        A8 71 5E A2 15 A2
        B5 D2 32 48
   0120 59 A8 E1 5E 2A FC    72 	.DB #0x59, #0xA8, #0xE1, #0x5E, #0x2A, #0xFC, #0x0F, #0x75, #0xEA, #0xB9, #0x56, #0x6A, #0x32, #0x57, #0x8B, #0x85
        0F 75 EA B9 56 6A
        32 57 8B 85
   0130 78 A2 34 78 BF 90    73 	.DB #0x78, #0xA2, #0x34, #0x78, #0xBF, #0x90, #0x82, #0x20, #0x5E, #0x2B, #0x0D, #0x0C, #0x2B, #0xBF, #0x8C, #0x63
        82 20 5E 2B 0D 0C
        2B BF 8C 63
   0140 50 83 3C 63 AF DC    74 	.DB #0x50, #0x83, #0x3C, #0x63, #0xAF, #0xDC, #0x76, #0xAD, #0x2C, #0x3D, #0x47, #0x7F, #0xF1, #0x13, #0x00, #0x4E
        76 AD 2C 3D 47 7F
        F1 13 00 4E
   0150 1F 8E 98 06 5B 3E    75 	.DB #0x1F, #0x8E, #0x98, #0x06, #0x5B, #0x3E, #0x98, #0xE2, #0xE0, #0xFA, #0xB3, #0x00, #0x58, #0x1C, #0x18, #0xC1
        98 E2 E0 FA B3 00
        58 1C 18 C1
   0160 FF CA 67 EB 43 E7    76 	.DB #0xFF, #0xCA, #0x67, #0xEB, #0x43, #0xE7, #0x4C, #0x01, #0xF0, #0x50, #0xB5, #0xB1, #0x4D, #0xC0, #0x51, #0x2E
        4C 01 F0 50 B5 B1
        4D C0 51 2E
   0170 0F BB 30 05 81 E1    77 	.DB #0x0F, #0xBB, #0x30, #0x05, #0x81, #0xE1, #0x98, #0x03, #0x3F, #0x15, #0x30, #0x0C, #0x8E, #0xD5, #0xC1, #0xF2
        98 03 3F 15 30 0C
        8E D5 C1 F2
   0180 E6 01 C4 30 7E 0E    78 	.DB #0xE6, #0x01, #0xC4, #0x30, #0x7E, #0x0E, #0x58, #0xCB, #0x83, #0x74, #0x1B, #0x5C, #0x1F, #0xFF, #0xCC, #0x03
        58 CB 83 74 1B 5C
        1F FF CC 03
   0190 FD 89 80 21 0F 1C    79 	.DB #0xFD, #0x89, #0x80, #0x21, #0x0F, #0x1C, #0x48, #0xEB, #0xDC, #0x58, #0x1D, #0x86, #0xE6, #0x24, #0x52, #0xB0
        48 EB DC 58 1D 86
        E6 24 52 B0
   01A0 36 4E BC F1 5F AB    80 	.DB #0x36, #0x4E, #0xBC, #0xF1, #0x5F, #0xAB, #0x3F, #0x63, #0x2B, #0xBC, #0xC0, #0x11, #0x87, #0x16, #0xEE, #0x6E
        3F 63 2B BC C0 11
        87 16 EE 6E
   01B0 17 1E 19 80 7B 15    81 	.DB #0x17, #0x1E, #0x19, #0x80, #0x7B, #0x15, #0x65, #0x18, #0x5A, #0x9D, #0x3E, #0xEE, #0x8D, #0xA8, #0x25, #0x31
        65 18 5A 9D 3E EE
        8D A8 25 31
   01C0 70 79 66 01 5F CF    82 	.DB #0x70, #0x79, #0x66, #0x01, #0x5F, #0xCF, #0xBE, #0x60, #0x0C, #0x58, #0x1C, #0x66, #0x00, #0xEB, #0x2F, #0x08
        BE 60 0C 58 1C 66
        00 EB 2F 08
   01D0 C0 E9 30 05 61 F0    83 	.DB #0xC0, #0xE9, #0x30, #0x05, #0x61, #0xF0, #0xA6, #0x01, #0xB1, #0x5E, #0xB8, #0x3A, #0x5E, #0x03, #0x85, #0x05
        A6 01 B1 5E B8 3A
        5E 03 85 05
   01E0 BF 5C 42 7E 40 8E    84 	.DB #0xBF, #0x5C, #0x42, #0x7E, #0x40, #0x8E, #0x4E, #0x0F, #0xE4, #0x3E, #0x50, #0xB9, #0xFB, #0xF3, #0x4E, #0xFC
        4E 0F E4 3E 50 B9
        FB F3 4E FC
   01F0 4C C0 72 2C 96 07    85 	.DB #0x4C, #0xC0, #0x72, #0x2C, #0x96, #0x07, #0xE8, #0xCC, #0x6F, #0xAA, #0x31, #0x3A, #0x48, #0xFD, #0xC7, #0x5F
        E8 CC 6F AA 31 3A
        48 FD C7 5F
   0200 C7 0D 3D C6 BB 3E    86 	.DB #0xC7, #0x0D, #0x3D, #0xC6, #0xBB, #0x3E, #0xBC, #0xC0, #0x05, #0xC5, #0x81, #0xE4, #0x98, #0x02, #0x80, #0xFA
        BC C0 05 C5 81 E4
        98 02 80 FA
   0210 D3 00 46 1E 69 80    87 	.DB #0xD3, #0x00, #0x46, #0x1E, #0x69, #0x80, #0x27, #0x0E, #0x2C, #0x71, #0x40, #0x7D, #0x49, #0x80, #0x6F, #0x04
        27 0E 2C 71 40 7D
        49 80 6F 04
   0220 DD 1F 1C A6 7E A0    88 	.DB #0xDD, #0x1F, #0x1C, #0xA6, #0x7E, #0xA0, #0x3E, #0x6C, #0xC0, #0x33, #0x8F, #0xF7, #0x26, #0x0A, #0x8B, #0x25
        3E 6C C0 33 8F F7
        26 0A 8B 25
   0230 21 45 77 19 80 2C    89 	.DB #0x21, #0x45, #0x77, #0x19, #0x80, #0x2C, #0x0F, #0x9F, #0x30, #0x04, #0xE1, #0xD2, #0x60, #0x0A, #0x03, #0xF1
        0F 9F 30 04 E1 D2
        60 0A 03 F1
   0240 93 00 4E 1D A8 AC    90 	.DB #0x93, #0x00, #0x4E, #0x1D, #0xA8, #0xAC, #0xB0, #0x3E, #0x7A, #0x44, #0xB3, #0x50, #0xF9, #0x93, #0x00, #0x35
        B0 3E 7A 44 B3 50
        F9 93 00 35
   0250 7E 10 B0 F9 2F 15    91 	.DB #0x7E, #0x10, #0xB0, #0xF9, #0x2F, #0x15, #0x08, #0x7B, #0x80, #0x85, #0x42, #0x0F, #0xFB, #0x8C, #0x9F, #0x4A
        08 7B 80 85 42 0F
        FB 8C 9F 4A
   0260 60 08 42 90 7D CE    92 	.DB #0x60, #0x08, #0x42, #0x90, #0x7D, #0xCE, #0xB3, #0x68, #0x98, #0xF0, #0xDB, #0x2C, #0xB7, #0xCA, #0xFA, #0x33
        B3 68 98 F0 DB 2C
        B7 CA FA 33
   0270 00 3A 53 87 92 60    93 	.DB #0x00, #0x3A, #0x53, #0x87, #0x92, #0x60, #0x1A, #0x9A, #0x85, #0x99, #0x27, #0xCA, #0x98, #0x06, #0xAE, #0x8D
        1A 9A 85 99 27 CA
        98 06 AE 8D
   0280 D6 60 0A 03 94 C0    94 	.DB #0xD6, #0x60, #0x0A, #0x03, #0x94, #0xC0, #0x1E, #0x8A, #0x03, #0xE0, #0xCC, #0x01, #0x70, #0x78, #0x66, #0x00
        1E 8A 03 E0 CC 01
        70 78 66 00
   0290 B0 10 83 0B CE 53    95 	.DB #0xB0, #0x10, #0x83, #0x0B, #0xCE, #0x53, #0x00, #0x52, #0x0F, #0x8B, #0xC2, #0x2B, #0xDD, #0x6B, #0x07, #0xAA
        00 52 0F 8B C2 2B
        DD 6B 07 AA
   02A0 90 DD D2 39 E2 86    96 	.DB #0x90, #0xDD, #0xD2, #0x39, #0xE2, #0x86, #0x3E, #0x19, #0xFA, #0xFB, #0x02, #0xBA, #0xFC, #0x66, #0x30, #0x36
        3E 19 FA FB 02 BA
        FC 66 30 36
   02B0 28 0F 90 2E 3E F0    97 	.DB #0x28, #0x0F, #0x90, #0x2E, #0x3E, #0xF0, #0x44, #0x46, #0x0F, #0x2F, #0xC4, #0xCD, #0xAB, #0xEB, #0x42, #0x21
        44 46 0F 2F C4 CD
        AB EB 42 21
   02C0 00 A0 6F C4 4C 02    98 	.DB #0x00, #0xA0, #0x6F, #0xC4, #0x4C, #0x02, #0xE3, #0x9E, #0xFB, #0x38, #0x7C, #0x2B, #0x73, #0xFC, #0x34, #0xC0
        E3 9E FB 38 7C 2B
        73 FC 34 C0
   02D0 11 81 B9 FA 49 80    99 	.DB #0x11, #0x81, #0xB9, #0xFA, #0x49, #0x80, #0x72, #0xCF, #0xDA, #0xB8, #0x3E, #0xC4, #0xC0, #0x36, #0x06, #0xB9
        72 CF DA B8 3E C4
        C0 36 06 B9
   02E0 67 B8 25 3E 84 D4   100 	.DB #0x67, #0xB8, #0x25, #0x3E, #0x84, #0xD4, #0x0D, #0x0A, #0x33, #0x34, #0xFB, #0x7A, #0xCC, #0x02, #0xB0, #0xAF
        0D 0A 33 34 FB 7A
        CC 02 B0 AF
   02F0 A1 4B 0E B8 C0 19   101 	.DB #0xA1, #0x4B, #0x0E, #0xB8, #0xC0, #0x19, #0xB9, #0x80, #0x21, #0x0F, #0xC3, #0x4C, #0x03, #0xD5, #0x1A, #0x2F
        B9 80 21 0F C3 4C
        03 D5 1A 2F
   0300 C6 CC 01 08 7C 4C   102 	.DB #0xC6, #0xCC, #0x01, #0x08, #0x7C, #0x4C, #0xB8, #0x1F, #0x2B, #0x25, #0xB7, #0xB8, #0x26, #0x92, #0x0A, #0x01
        B8 1F 2B 25 B7 B8
        26 92 0A 01
   0310 FF 22 91 08 7E 3A   103 	.DB #0xFF, #0x22, #0x91, #0x08, #0x7E, #0x3A, #0xBB, #0x5E, #0xE4, #0xF4, #0x8C, #0x1E, #0x9D, #0x87, #0x62, #0x30
        BB 5E E4 F4 8C 1E
        9D 87 62 30
   0320 DA 78 50 1C 66 80   104 	.DB #0xDA, #0x78, #0x50, #0x1C, #0x66, #0x80, #0xEB, #0xDF, #0x30, #0x0B, #0x3A, #0x0E, #0x62, #0x99, #0x60, #0x72
        EB DF 30 0B 3A 0E
        62 99 60 72
   0330 1E DC AC 43 98 72   105 	.DB #0x1E, #0xDC, #0xAC, #0x43, #0x98, #0x72, #0x56, #0xC3, #0xCF, #0x1A, #0x87, #0xBE, #0x60, #0x06, #0xE7, #0x00
        56 C3 CF 1A 87 BE
        60 06 E7 00
   0340 E0 B0 3C 73 00 58   106 	.DB #0xE0, #0xB0, #0x3C, #0x73, #0x00, #0x58, #0x1E, #0x19, #0x80, #0x2C, #0x0F, #0x45, #0x18, #0x3D, #0x73, #0x00
        1E 19 80 2C 0F 45
        18 3D 73 00
   0350 74 A0 39 E4 4A 50   107 	.DB #0x74, #0xA0, #0x39, #0xE4, #0x4A, #0x50, #0x0E, #0x8D, #0xC7, #0x5E, #0x9C, #0x4A, #0x7A, #0x8D, #0x25, #0x66
        0E 8D C7 5E 9C 4A
        7A 8D 25 66
   0360 AB 83 A3 9D 75 FA   108 	.DB #0xAB, #0x83, #0xA3, #0x9D, #0x75, #0xFA, #0xDB, #0x02, #0xBC, #0x3F, #0x19, #0x8C, #0x0C, #0x29, #0xF8, #0xE2
        DB 02 BC 3F 19 8C
        0C 29 F8 E2
   0370 DF F0 00 58 B4 FC   109 	.DB #0xDF, #0xF0, #0x00, #0x58, #0xB4, #0xFC, #0x59, #0xCF, #0xDE, #0xE6, #0xEF, #0xDE, #0x63, #0x00, #0xDD, #0xBF
        59 CF DE E6 EF DE
        63 00 DD BF
   0380 FE FE B5 0F B9 30   110 	.DB #0xFE, #0xFE, #0xB5, #0x0F, #0xB9, #0x30, #0x0B, #0x18, #0x04, #0xE0, #0xCF, #0x24, #0xC0, #0x10, #0x07, #0xE3
        0B 18 04 E0 CF 24
        C0 10 07 E3
   0390 66 01 D3 87 1D F5   111 	.DB #0x66, #0x01, #0xD3, #0x87, #0x1D, #0xF5, #0xE6, #0x00, #0x84, #0x39, #0x6F, #0xC8, #0x3C, #0x34, #0x6E, #0xFE
        E6 00 84 39 6F C8
        3C 34 6E FE
   03A0 8E B5 0D 53 30 C7   112 	.DB #0x8E, #0xB5, #0x0D, #0x53, #0x30, #0xC7, #0xDE, #0x07, #0xCE, #0x33, #0x00, #0xEA, #0x52, #0xFE, #0x6C, #0xD4
        DE 07 CE 33 00 EA
        52 FE 6C D4
   03B0 0F BD 85 CD B9 2F   113 	.DB #0x0F, #0xBD, #0x85, #0xCD, #0xB9, #0x2F, #0xBD, #0x30, #0x0E, #0x5C, #0x4C, #0x6F, #0xD2, #0xCC, #0x03, #0xE1
        BD 30 0E 5C 4C 6F
        D2 CC 03 E1
   03C0 EB 50 3F 1F F6 F9   114 	.DB #0xEB, #0x50, #0x3F, #0x1F, #0xF6, #0xF9, #0x31, #0x2B, #0xAF, #0x7C, #0xD3, #0x97, #0x07, #0xE2, #0x26, #0x00
        31 2B AF 7C D3 97
        07 E2 26 00
   03D0 9C 3C B3 00 DC 36   115 	.DB #0x9C, #0x3C, #0xB3, #0x00, #0xDC, #0x36, #0x37, #0x88, #0x9F, #0x5B, #0xCB, #0x77, #0x30, #0x04, #0x61, #0xF1
        37 88 9F 5B CB 77
        30 04 61 F1
   03E0 E6 01 44 26 A7 7B   116 	.DB #0xE6, #0x01, #0x44, #0x26, #0xA7, #0x7B, #0xC3, #0x86, #0x7E, #0x9C, #0x37, #0x61, #0x15, #0x81, #0xF6, #0x66
        C3 86 7E 9C 37 61
        15 81 F6 66
   03F0 00 7C EE 60 1B 99   117 	.DB #0x00, #0x7C, #0xEE, #0x60, #0x1B, #0x99, #0x6A, #0x30, #0xF2, #0x4C, #0x01, #0x70, #0x7A, #0x25, #0xE4, #0x84
        6A 30 F2 4C 01 70
        7A 25 E4 84
   0400 3E 34 C0 0F 1D 84   118 	.DB #0x3E, #0x34, #0xC0, #0x0F, #0x1D, #0x84, #0xBF, #0x2E, #0xBA, #0xAF, #0x6C, #0x82, #0xF6, #0x70, #0x3F, #0x20
        BF 2E BA AF 6C 82
        F6 70 3F 20
   0410 EE 5F C2 7E 2F 18   119 	.DB #0xEE, #0x5F, #0xC2, #0x7E, #0x2F, #0x18, #0x1D, #0x3B, #0xFF, #0x14, #0x5B, #0x7E, #0x0F, #0x32, #0x7B, #0xAF
        1D 3B FF 14 5B 7E
        0F 32 7B AF
   0420 C5 4D A9 70 7E FE   120 	.DB #0xC5, #0x4D, #0xA9, #0x70, #0x7E, #0xFE, #0x60, #0x08, #0x41, #0xD7, #0xE2, #0x66, #0x01, #0x41, #0x6F, #0xD2
        60 08 41 D7 E2 66
        01 41 6F D2
   0430 98 01 72 B0 3D 33   121 	.DB #0x98, #0x01, #0x72, #0xB0, #0x3D, #0x33, #0x00, #0x4E, #0x1F, #0x56, #0x60, #0x08, #0x43, #0xD3, #0x30, #0x0E
        00 4E 1F 56 60 08
        43 D3 30 0E
   0440 1C 38 E5 01 F5 A6   122 	.DB #0x1C, #0x38, #0xE5, #0x01, #0xF5, #0xA6, #0x01, #0xC2, #0x13, #0x6E, #0xB2, #0x39, #0x56, #0x07, #0xD2, #0x98
        01 C2 13 6E B2 39
        56 07 D2 98
   0450 06 99 06 46 0D 15   123 	.DB #0x06, #0x99, #0x06, #0x46, #0x0D, #0x15, #0x9E, #0x1E, #0x18, #0x05, #0xBA, #0x87, #0xD5, #0x98, #0x05, #0x16
        9E 1E 18 05 BA 87
        D5 98 05 16
   0460 1A 49 C7 A7 DD 98   124 	.DB #0x1A, #0x49, #0xC7, #0xA7, #0xDD, #0x98, #0x07, #0x4C, #0x16, #0xCE, #0x14, #0x07, #0xF0, #0x73, #0x00, #0x7F
        07 4C 16 CE 14 07
        F0 73 00 7F
   0470 DC 64 4E 0C F8 51   125 	.DB #0xDC, #0x64, #0x4E, #0x0C, #0xF8, #0x51, #0xE0, #0xF7, #0x8B, #0xBE, #0xEF, #0x6A, #0x8E, #0xEF, #0x7C, #0xC0
        E0 F7 8B BE EF 6A
        8E EF 7C C0
   0480 10 83 39 E3 E5 DE   126 	.DB #0x10, #0x83, #0x39, #0xE3, #0xE5, #0xDE, #0xF8, #0x0D, #0xCC, #0x02, #0x8F, #0xAD, #0xC2, #0xF9, #0x38, #0x7A
        F8 0D CC 02 8F AD
        C2 F9 38 7A
   0490 A6 00 43 F5 17 5A   127 	.DB #0xA6, #0x00, #0x43, #0xF5, #0x17, #0x5A, #0x1E, #0xD8, #0x44, #0x0A, #0xC3, #0xA4, #0xC0, #0x14, #0x02, #0x30
        1E D8 44 0A C3 A4
        C0 14 02 30
   04A0 F9 B3 00 B4 D0 F2   128 	.DB #0xF9, #0xB3, #0x00, #0xB4, #0xD0, #0xF2, #0x4C, #0x03, #0x6C, #0xC7, #0x42, #0xC2, #0x85, #0x47, #0xB2, #0xC0
        4C 03 6C C7 42 C2
        85 47 B2 C0
   04B0 F3 EA F2 F8 13 00   129 	.DB #0xF3, #0xEA, #0xF2, #0xF8, #0x13, #0x00, #0xDE, #0xB4, #0x9F, #0x76, #0x03, #0xDD, #0x9F, #0x5F, #0xD8, #0xEB
        DE B4 9F 76 03 DD
        9F 5F D8 EB
   04C0 20 FB F3 00 4E 1F   130 	.DB #0x20, #0xFB, #0xF3, #0x00, #0x4E, #0x1F, #0x7E, #0x60, #0x3D, #0xC5, #0xAF, #0xE1, #0x4F, #0xC3, #0x3F, #0x1A
        7E 60 3D C5 AF E1
        4F C3 3F 1A
   04D0 6B D8 B0 3F 7F 30   131 	.DB #0x6B, #0xD8, #0xB0, #0x3F, #0x7F, #0x30, #0x0D, #0xC4, #0xC3, #0xF1, #0x53, #0x00, #0xFA, #0xD3, #0x50, #0xF3
        0D C4 C3 F1 53 00
        FA D3 50 F3
   04E0 4C 00 E7 DF 3E ED   132 	.DB #0x4C, #0x00, #0xE7, #0xDF, #0x3E, #0xED, #0x60, #0x7E, #0x22, #0x60, #0x07, #0xC2, #0x70, #0xFB, #0xB3, #0x00
        60 7E 22 60 07 C2
        70 FB B3 00
   04F0 E9 CB F9 CC D1 54   133 	.DB #0xE9, #0xCB, #0xF9, #0xCC, #0xD1, #0x54, #0x07, #0xDC, #0xE5, #0xA8, #0x6F, #0x9E, #0xF9, #0xC6, #0x73, #0x7D
        07 DC E5 A8 6F 9E
        F9 C6 73 7D
   0500 3A 15 3F 42 60 1A   134 	.DB #0x3A, #0x15, #0x3F, #0x42, #0x60, #0x1A, #0x03, #0xA7, #0xDE, #0xE1, #0x9E, #0xF6, #0xD8, #0x9F, #0x58, #0x1F
        03 A7 DE E1 9E F6
        D8 9F 58 1F
   0510 2E 60 1B AE 4F BE   135 	.DB #0x2E, #0x60, #0x1B, #0xAE, #0x4F, #0xBE, #0x6C, #0x9F, #0xFF, #0xCC, #0x03, #0xFF, #0xE9, #0x80, #0x7C, #0x3D
        6C 9F FF CC 03 FF
        E9 80 7C 3D
   0520 DC 7B C6 8F B2 75   136 	.DB #0xDC, #0x7B, #0xC6, #0x8F, #0xB2, #0x75, #0x91, #0x95, #0xE4, #0x26, #0x5A, #0xCF, #0xD5, #0xBC, #0x77, #0xDD
        91 95 E4 26 5A CF
        D5 BC 77 DD
   0530 26 8D D3 7C 02 C0   137 	.DB #0x26, #0x8D, #0xD3, #0x7C, #0x02, #0xC0, #0xD3, #0x69, #0xF9, #0x13, #0x00, #0x4E, #0x1D, #0x3A, #0x6A, #0x19
        D3 69 F9 13 00 4E
        1D 3A 6A 19
   0540 64 BB C6 C7 B6 25   138 	.DB #0x64, #0xBB, #0xC6, #0xC7, #0xB6, #0x25, #0xF0, #0xE6, #0x00, #0xA0, #0x38, #0x8F, #0x6F, #0x74, #0xC0, #0x31
        F0 E6 00 A0 38 8F
        6F 74 C0 31
   0550 4A 14 60 E8 D7 7B   139 	.DB #0x4A, #0x14, #0x60, #0xE8, #0xD7, #0x7B, #0x2E, #0x0F, #0x47, #0x50, #0x47, #0xBC, #0xC0, #0x10, #0x07, #0x69
        2E 0F 47 50 47 BC
        C0 10 07 69
   0560 80 1E 0C DE C5 7F   140 	.DB #0x80, #0x1E, #0x0C, #0xDE, #0xC5, #0x7F, #0x57, #0x18, #0xF7, #0x7C, #0xC2, #0xAF, #0xE4, #0x26, #0x03, #0xF0
        57 18 F7 7C C2 AF
        E4 26 03 F0
   0570 AD B9 F8 7E 9A 72   141 	.DB #0xAD, #0xB9, #0xF8, #0x7E, #0x9A, #0x72, #0x10, #0xEF, #0x8C, #0x0F, #0xF0, #0x22, #0xD3, #0xF1, #0x6E, #0xBD
        10 EF 8C 0F F0 22
        D3 F1 6E BD
   0580 00 7E FE 60 1A BE   142 	.DB #0x00, #0x7E, #0xFE, #0x60, #0x1A, #0xBE, #0x2F, #0xEF, #0xFB, #0x6A, #0x1E, #0xA9, #0x80, #0x21, #0x0E, #0x0F
        2F EF FB 6A 1E A9
        80 21 0E 0F
   0590 B3 EA CC 03 23 27   143 	.DB #0xB3, #0xEA, #0xCC, #0x03, #0x23, #0x27, #0x54, #0xC1, #0xDB, #0x87, #0x67, #0xDC, #0x98, #0x03, #0xD3, #0x23
        54 C1 DB 87 67 DC
        98 03 D3 23
   05A0 DD 40 7E 0E 60 1D   144 	.DB #0xDD, #0x40, #0x7E, #0x0E, #0x60, #0x1D, #0x38, #0x6A, #0x19, #0x8E, #0xDE, #0xF8, #0xE8, #0x1F, #0x52, #0x60
        38 6A 19 8E DE F8
        E8 1F 52 60
   05B0 1C 63 DB BC 3C BD   145 	.DB #0x1C, #0x63, #0xDB, #0xBC, #0x3C, #0xBD, #0x7B, #0x88, #0x2A, #0x03, #0xE6, #0x4C, #0x01, #0x38, #0x7D, #0xE4
        7B 88 2A 03 E6 4C
        01 38 7D E4
   05C0 0F A2 72 A0 3F FF   146 	.DB #0x0F, #0xA2, #0x72, #0xA0, #0x3F, #0xFF, #0x98, #0x07, #0xFB, #0xB3, #0x00, #0x4E, #0x0E, #0xBD, #0xE9, #0x5B
        98 07 FB B3 00 4E
        0E BD E9 5B
   05D0 90 DE DC C9 3C CA   147 	.DB #0x90, #0xDE, #0xDC, #0xC9, #0x3C, #0xCA, #0x97, #0x4F, #0xEC, #0xFC, #0xDC, #0x85, #0xFB, #0xCC, #0x03, #0x28
        97 4F EC FC DC 85
        FB CC 03 28
   05E0 59 68 6F 97 FB CE   148 	.DB #0x59, #0x68, #0x6F, #0x97, #0xFB, #0xCE, #0x60, #0x0A, #0x03, #0xD9, #0x30, #0x0E, #0xBD, #0xB5, #0x02, #0x7F
        60 0A 03 D9 30 0E
        BD B5 02 7F
   05F0 BC C0 19 F4 26 00   149 	.DB #0xBC, #0xC0, #0x19, #0xF4, #0x26, #0x00, #0xE1, #0x00, #0x79, #0xE6, #0x00, #0x84, #0x3E, #0x2F, #0x6D, #0x43
        E1 00 79 E6 00 84
        3E 2F 6D 43
   0600 6D 83 D3 30 0E 01   150 	.DB #0x6D, #0x83, #0xD3, #0x30, #0x0E, #0x01, #0x1C, #0x6B, #0xF8, #0x8E, #0xE1, #0x38, #0x3A, #0xFC, #0x1C, #0xCB
        1C 6B F8 8E E1 38
        3A FC 1C CB
   0610 3E 8C E4 7E DC C0   151 	.DB #0x3E, #0x8C, #0xE4, #0x7E, #0xDC, #0xC0, #0x13, #0x87, #0xF2, #0xDD, #0xB4, #0xF4, #0x20, #0xEB, #0xF8, #0x4E
        13 87 F2 DD B4 F4
        20 EB F8 4E
   0620 86 B5 FF FC         152 	.DB #0x86, #0xB5, #0xFF, #0xFC
   0624 C9            [10]  153 	ret
                            154 ;code.c:13: main() {
                            155 ;	---------------------------------
                            156 ; Function main
                            157 ; ---------------------------------
   0625                     158 _main::
                            159 ;code.c:16: cpc_SetModo(1);
   0625 2E 01         [ 7]  160 	ld	l,#0x01
   0627 CDr00r00      [17]  161 	call	_cpc_SetModo
                            162 ;code.c:17: cpc_Uncrunch(image,#0xc000);
   062A 21r00r00      [10]  163 	ld	hl,#_image
   062D 01 00 C0      [10]  164 	ld	bc,#0xC000
   0630 C5            [11]  165 	push	bc
   0631 E5            [11]  166 	push	hl
   0632 CDr00r00      [17]  167 	call	_cpc_Uncrunch
                            168 ;code.c:19: while(1); 
   0635                     169 00102$:
   0635 18 FE         [12]  170 	jr	00102$
                            171 	.area _CODE
                            172 	.area _INITIALIZER
                            173 	.area _CABS (ABS)
